Arguments: 
  /usr/local/Cellar/node/7.10.0/bin/node /usr/local/bin/yarn

PATH: 
  /Users/danielsimington/.composer/vendor/bin:/Users/danielsimington/.rvm/gems/ruby-2.2.1/bin:/Users/danielsimington/.rvm/gems/ruby-2.2.1@global/bin:/Users/danielsimington/.rvm/rubies/ruby-2.2.1/bin:/usr/local/bin:/usr/bin:/bin:/usr/sbin:/sbin:/usr/local/share/dotnet:/Users/danielsimington/.rvm/bin

Yarn version: 
  1.2.1

Node version: 
  6.9.1

Platform: 
  darwin x64

npm manifest: 
  {
    "name": "presto_theme",
    "version": "1.0.0",
    "main": "index.js",
    "license": "GPL-2.0+",
    "dependencies": {
      "bootstrap": "4.0.0-beta",
      "flexboxgrid-sass": "^8.0.5",
      "font-awesome": "^4.7.0",
      "jquery": "^3.2.1",
      "lity": "^2.3.0",
      "popper.js": "^1.12.5"
    },
    "devDependencies": {
      "babel-cli": "^6.26.0",
      "babel-core": "^6.24.1",
      "babel-loader": "^7.1.1",
      "babel-plugin-add-header-comment": "1.0.3",
      "babel-polyfill": "6.26.0",
      "babel-preset-env": "^1.6.0",
      "babel-preset-react": "6.24.1",
      "browser-sync": "^2.18.8",
      "eslint": "^3.19.0",
      "eslint-config-airbnb": "14.1.0",
      "eslint-loader": "^1.9.0",
      "eslint-plugin-import": "2.2.0",
      "eslint-plugin-jsx-a11y": "4.0.0",
      "eslint-plugin-react": "6.10.3",
      "gulp": "^3.9.1",
      "gulp-autoprefixer": "^4.0.0",
      "gulp-clean-css": "^3.2.0",
      "gulp-csslint": "^1.0.0",
      "gulp-eslint": "^4.0.0",
      "gulp-ignore": "^2.0.2",
      "gulp-require-tasks": "^1.1.1",
      "gulp-sass": "^3.1.0",
      "gulp-sourcemaps": "^2.6.0",
      "gulp-util": "^3.0.8",
      "node-sass": "^4.5.2",
      "vinyl-named": "^1.1.0",
      "webpack": "^3.3.0",
      "webpack-stream": "^3.2.0"
    }
  }

yarn manifest: 
  No manifest

Lockfile: 
  No lockfile

Trace: 
  SyntaxError: /Users/danielsimington/Git/presto/package.json: Unexpected token } in JSON at position 1600
      at Object.parse (native)
      at /usr/local/lib/node_modules/yarn/lib/cli.js:770:59
      at next (native)
      at step (/usr/local/lib/node_modules/yarn/lib/cli.js:92:30)
      at /usr/local/lib/node_modules/yarn/lib/cli.js:103:13
